<?xml version="1.0" encoding="UTF-8"?>
<!-- Generated by org.testng.reporters.JUnitReportReporter -->
<testsuite hostname="DESKTOP-99JJ921" failures="0" tests="1" name="automationFrameworkTests.seleniumJava.TempTest" time="8.577" errors="0" timestamp="2020-06-26T17:01:27 EET" skipped="0">
  <testcase classname="automationFrameworkTests.seleniumJava.TempTest" name="basePageNavigation" time="8.577"/>
  <system-out/>
</testsuite> <!-- automationFrameworkTests.seleniumJava.TempTest -->
