<?xml version="1.0" encoding="UTF-8"?>
<!-- Generated by org.testng.reporters.JUnitReportReporter -->
<testsuite hostname="DESKTOP-99JJ921" failures="0" tests="1" name="automationFrameworkTests.seleniumJava.UploadFunctionalityTest" time="1.914" errors="0" timestamp="2020-06-26T17:01:27 EET" skipped="0">
  <testcase classname="automationFrameworkTests.seleniumJava.UploadFunctionalityTest" name="UploadTest" time="1.914"/>
  <system-out/>
</testsuite> <!-- automationFrameworkTests.seleniumJava.UploadFunctionalityTest -->
