<?xml version="1.0" encoding="UTF-8"?>
<!-- Generated by org.testng.reporters.JUnitReportReporter -->
<testsuite hostname="DESKTOP-99JJ921" failures="0" tests="2" name="automationFrameworkTests.seleniumJava.SeleniumTest" time="0.001" errors="0" timestamp="2020-06-26T17:01:27 EET" skipped="0">
  <testcase classname="automationFrameworkTests.seleniumJava.SeleniumTest" name="elementsUI" time="0.001"/>
  <system-out/>
  <testcase classname="automationFrameworkTests.seleniumJava.SeleniumTest" name="browserAutomation" time="0.000"/>
  <system-out/>
</testsuite> <!-- automationFrameworkTests.seleniumJava.SeleniumTest -->
