<?xml version="1.0" encoding="UTF-8"?>
<!-- Generated by org.testng.reporters.JUnitReportReporter -->
<testsuite hostname="DESKTOP-99JJ921" failures="0" tests="1" name="automationFrameworkTests.seleniumJava.NormalScenarioTest" time="19.088" errors="0" timestamp="2020-06-30T19:39:17 EET" skipped="0">
  <testcase classname="automationFrameworkTests.seleniumJava.NormalScenarioTest" name="GoogleTestCase" time="19.088"/>
  <system-out/>
</testsuite> <!-- automationFrameworkTests.seleniumJava.NormalScenarioTest -->
