<?xml version="1.0" encoding="UTF-8"?>
<!-- Generated by org.testng.reporters.JUnitReportReporter -->
<testsuite hostname="DESKTOP-99JJ921" failures="0" tests="1" name="automationFrameworkTests.seleniumJava.Registration_2Test" time="16.136" errors="0" timestamp="2020-06-30T20:23:10 EET" skipped="0">
  <testcase classname="automationFrameworkTests.seleniumJava.Registration_2Test" name="Reg_FirstName2" time="16.136"/>
  <system-out/>
</testsuite> <!-- automationFrameworkTests.seleniumJava.Registration_2Test -->
