<?xml version="1.0" encoding="UTF-8"?>
<!-- Generated by org.testng.reporters.JUnitReportReporter -->
<testsuite hostname="DESKTOP-99JJ921" failures="0" tests="1" name="automationFrameworkTests.seleniumJava.Registration_1Test2" time="12.616" errors="0" timestamp="2020-07-01T21:09:16 EET" skipped="0">
  <testcase classname="automationFrameworkTests.seleniumJava.Registration_1Test2" name="Reg_FirstName1" time="12.616"/>
  <system-out/>
</testsuite> <!-- automationFrameworkTests.seleniumJava.Registration_1Test2 -->
