<?xml version="1.0" encoding="UTF-8"?>
<!-- Generated by org.testng.reporters.JUnitReportReporter -->
<testsuite hostname="DESKTOP-99JJ921" failures="0" tests="1" name="terkwazFramWork.seleniumJava.DDTTest" time="0.990" errors="0" timestamp="2020-05-23T03:15:59 EET" skipped="0">
  <testcase classname="terkwazFramWork.seleniumJava.DDTTest" name="dataTestCase" time="0.990"/>
  <system-out/>
</testsuite> <!-- terkwazFramWork.seleniumJava.DDTTest -->
