<?xml version="1.0" encoding="UTF-8"?>
<!-- Generated by org.testng.reporters.JUnitReportReporter -->
<testsuite hostname="DESKTOP-99JJ921" failures="0" tests="1" name="automationFrameworkTests.seleniumJava.Registration_4Test" time="2.150" errors="0" timestamp="2020-06-27T18:13:38 EET" skipped="0">
  <testcase classname="automationFrameworkTests.seleniumJava.Registration_4Test" name="GoogleTestCase" time="2.150"/>
  <system-out/>
</testsuite> <!-- automationFrameworkTests.seleniumJava.Registration_4Test -->
