<?xml version="1.0" encoding="UTF-8"?>
<!-- Generated by org.testng.reporters.JUnitReportReporter -->
<testsuite hostname="DESKTOP-99JJ921" failures="0" tests="1" name="automationFrameworkTests.seleniumJava.ButtonIssue" time="1.747" errors="0" timestamp="2020-06-27T01:22:05 EET" skipped="0">
  <testcase classname="automationFrameworkTests.seleniumJava.ButtonIssue" name="GoogleTestCase" time="1.747"/>
  <system-out/>
</testsuite> <!-- automationFrameworkTests.seleniumJava.ButtonIssue -->
