<?xml version="1.0" encoding="UTF-8"?>
<!-- Generated by org.testng.reporters.JUnitReportReporter -->
<testsuite hostname="DESKTOP-99JJ921" failures="0" tests="1" name="terkwazFramWork.seleniumJava.TempTest" time="13.430" errors="0" timestamp="2020-05-23T16:34:33 EET" skipped="0">
  <testcase classname="terkwazFramWork.seleniumJava.TempTest" name="basePageNavigation" time="13.430"/>
  <system-out/>
</testsuite> <!-- terkwazFramWork.seleniumJava.TempTest -->
