<?xml version="1.0" encoding="UTF-8"?>
<!-- Generated by org.testng.reporters.JUnitReportReporter -->
<testsuite hostname="DESKTOP-99JJ921" failures="0" tests="1" name="terkwazFramWork.seleniumJava.CatFactTest" time="2.993" errors="0" timestamp="2020-05-25T01:34:35 EET" skipped="0">
  <testcase classname="terkwazFramWork.seleniumJava.CatFactTest" name="catFact" time="2.993"/>
  <system-out/>
</testsuite> <!-- terkwazFramWork.seleniumJava.CatFactTest -->
