<?xml version="1.0" encoding="UTF-8"?>
<!-- Generated by org.testng.reporters.JUnitReportReporter -->
<testsuite hostname="DESKTOP-99JJ921" failures="0" tests="1" name="automationFrameworkTests.seleniumJava.Reg_Pass1_Test" time="3.875" errors="0" timestamp="2020-06-30T22:12:25 EET" skipped="0">
  <testcase classname="automationFrameworkTests.seleniumJava.Reg_Pass1_Test" name="Reg_Pass1" time="3.875"/>
  <system-out/>
</testsuite> <!-- automationFrameworkTests.seleniumJava.Reg_Pass1_Test -->
