<?xml version="1.0" encoding="UTF-8"?>
<!-- Generated by org.testng.reporters.JUnitReportReporter -->
<testsuite hostname="DESKTOP-99JJ921" failures="0" tests="1" name="automationFrameworkTests.seleniumJava.CatFactTest" time="10.241" errors="0" timestamp="2020-05-31T20:38:53 EET" skipped="0">
  <testcase classname="automationFrameworkTests.seleniumJava.CatFactTest" name="catFact" time="10.241"/>
  <system-out/>
</testsuite> <!-- automationFrameworkTests.seleniumJava.CatFactTest -->
