<?xml version="1.0" encoding="UTF-8"?>
<!-- Generated by org.testng.reporters.JUnitReportReporter -->
<testsuite hostname="DESKTOP-99JJ921" failures="0" tests="1" name="automationFrameworkTests.seleniumJava.Reg_Email4_Test" time="5.511" errors="0" timestamp="2020-06-27T19:18:52 EET" skipped="0">
  <testcase classname="automationFrameworkTests.seleniumJava.Reg_Email4_Test" name="GoogleTestCase" time="5.511"/>
  <system-out/>
</testsuite> <!-- automationFrameworkTests.seleniumJava.Reg_Email4_Test -->
