<?xml version="1.0" encoding="UTF-8"?>
<!-- Generated by org.testng.reporters.JUnitReportReporter -->
<testsuite hostname="DESKTOP-99JJ921" failures="0" tests="1" name="terkwazFramWork.seleniumJava.UploadFunctionalityTest" time="1.927" errors="0" timestamp="2020-05-25T05:32:04 EET" skipped="0">
  <testcase classname="terkwazFramWork.seleniumJava.UploadFunctionalityTest" name="UploadTest" time="1.927"/>
  <system-out/>
</testsuite> <!-- terkwazFramWork.seleniumJava.UploadFunctionalityTest -->
