<?xml version="1.0" encoding="UTF-8"?>
<!-- Generated by org.testng.reporters.JUnitReportReporter -->
<testsuite hostname="DESKTOP-99JJ921" failures="0" tests="2" name="terkwazFramWork.seleniumJava.SeleniumTest" time="0.014" errors="0" timestamp="2020-05-24T23:45:47 EET" skipped="0">
  <testcase classname="terkwazFramWork.seleniumJava.SeleniumTest" name="elementsUI" time="0.002"/>
  <system-out/>
  <testcase classname="terkwazFramWork.seleniumJava.SeleniumTest" name="browserAutomation" time="0.012"/>
  <system-out/>
</testsuite> <!-- terkwazFramWork.seleniumJava.SeleniumTest -->
