<?xml version="1.0" encoding="UTF-8"?>
<!-- Generated by org.testng.reporters.JUnitReportReporter -->
<testsuite hostname="DESKTOP-99JJ921" failures="0" tests="1" name="terkwazFramWork.seleniumJava.HeroKuappTest" time="6.186" errors="0" timestamp="2020-05-25T07:10:04 EET" skipped="0">
  <testcase classname="terkwazFramWork.seleniumJava.HeroKuappTest" name="GoogleTestCase" time="6.186"/>
  <system-out/>
</testsuite> <!-- terkwazFramWork.seleniumJava.HeroKuappTest -->
